2022-08-16 16:45:48 | qq_access 表添加成功！
CREATE TABLE default.qq_access
(
    `id` Int32,
    `user_id` Int32,
    `access_origin` String,
    `create_time` Int32
)
ENGINE = Memory

2022-08-17 09:25:17 | qq_access 表添加成功！
CREATE TABLE default.qq_access
(
    `id` Int32,
    `user_id` Int32,
    `access_origin` String,
    `create_time` Int32
)
ENGINE = Memory

2023-02-14 11:43:29 | qq_access 表添加成功！
CREATE TABLE default.qq_access
(
    `id` Int32,
    `user_id` Int32,
    `access_origin` String,
    `create_time` Int32
)
ENGINE = Memory

2023-02-14 11:43:47 | qq_access 表添加成功！
CREATE TABLE default.qq_access
(
    `id` Int32,
    `user_id` Int32,
    `access_origin` String,
    `create_time` Int32
)
ENGINE = Memory

2023-02-14 13:49:25 | default.qq_user 表添加成功！
CREATE TABLE default.qq_user
(
    `id` Int32,
    `openid` String,
    `unionid` String,
    `wx_nickname` String,
    `wx_province` String,
    `wx_city` String,
    `wx_country` String,
    `user_name` String,
    `user_id_card` String,
    `user_provice` String,
    `user_city` String,
    `create_time` Int32,
    `register_time` Int32,
    `register_origin` String,
    `user_status` Int32,
    `login_origin` String,
    `luck_num` Int32
)
ENGINE = Memory

2023-02-14 17:10:48 | dcm_price_change_history 表添加成功！
CREATE TABLE default.dcm_price_change_history
(
    `_id` String,
    `sku` String,
    `last_price` Decimal(9, 4),
    `new_price` Decimal(9, 4),
    `effective_time` DateTime,
    `created_at` DateTime
)
ENGINE = Memory

2023-02-14 17:13:16 | dcm_price_change_history 表添加成功！
CREATE TABLE default.dcm_price_change_history
(
    `_id` String,
    `sku` String,
    `last_price` Decimal(9, 4),
    `new_price` Decimal(9, 4),
    `effective_time` DateTime,
    `created_at` DateTime
)
ENGINE = Memory

