2022-08-17 00:15:40 | `wf_202206_qiaqia`.`qq_access` 表插入成功 7403 条数据！其中剔除脏数据 0 条 整体耗时0.494秒
create_time >= 2022-07-11 00:00:00 and create_time <= 2022-07-14 00:00:00
{
    "starttransfer_time": 0.066,
    "size_download": "0 bytes",
    "speed_download": "0 Mbps",
    "size_upload": "238.36 KB",
    "upload_content": "238.36 KB",
    "speed_upload": "5.05 Mbps",
    "time_request": 0.388
}
2022-08-17 00:34:23 | `wf_202206_qiaqia`.`qq_access` 表插入成功 7403 条数据！其中剔除脏数据 0 条 整体耗时0.47秒
create_time >= 2022-07-11 00:00:00 and create_time <= 2022-07-14 00:00:00
{
    "starttransfer_time": 0.071,
    "size_download": "0 bytes",
    "speed_download": "0 Mbps",
    "size_upload": "238.36 KB",
    "upload_content": "238.36 KB",
    "speed_upload": "5.42 Mbps",
    "time_request": 0.361
}
2022-08-17 08:35:33 | `wf_202206_qiaqia`.`qq_access` 表插入成功 7728 条数据！其中剔除脏数据 0 条 整体耗时1.736秒
create_time >= 2022-07-11 00:00:00 and create_time <= 2022-07-14 00:00:00
{
    "starttransfer_time": 0.065,
    "size_download": "0 bytes",
    "speed_download": "0 Mbps",
    "size_upload": "248.82 KB",
    "upload_content": "248.82 KB",
    "speed_upload": "1.25 Mbps",
    "time_request": 1.631
}
2022-08-17 08:55:41 | `wf_202206_qiaqia`.`qq_access` 表插入成功 5378 条数据！其中剔除脏数据 7728 条 整体耗时1.149秒
create_time >= 2022-07-11 00:00:00 and create_time <= 2022-07-15 00:00:00
{
    "starttransfer_time": 0.064,
    "size_download": "0 bytes",
    "speed_download": "0 Mbps",
    "size_upload": "173.32 KB",
    "upload_content": "173.32 KB",
    "speed_upload": "3.82 Mbps",
    "time_request": 0.373
}
2022-08-17 09:02:08 | `wf_202206_qiaqia`.`qq_access` 表插入成功 41918 条数据！其中剔除脏数据 0 条 整体耗时2.241秒
create_time >= 2022-08-01 00:00:00 and create_time <= 2022-08-02 00:00:00
{
    "starttransfer_time": 0.065,
    "size_download": "0 bytes",
    "speed_download": "0 Mbps",
    "size_upload": "1.40 MB",
    "upload_content": "1.40 MB",
    "speed_upload": "19.59 Mbps",
    "time_request": 0.599
}
2022-08-17 09:02:10 | `wf_202206_qiaqia`.`qq_access` 表插入成功 43337 条数据！其中剔除脏数据 0 条 整体耗时2.435秒
create_time >= 2022-08-02 00:00:00 and create_time <= 2022-08-03 00:00:00
{
    "starttransfer_time": 0.055,
    "size_download": "0 bytes",
    "speed_download": "0 Mbps",
    "size_upload": "1.45 MB",
    "upload_content": "1.45 MB",
    "speed_upload": "16.87 Mbps",
    "time_request": 0.719
}
2022-08-17 09:03:05 | `wf_202206_qiaqia`.`qq_access` 表插入成功 31519 条数据！其中剔除脏数据 10399 条 整体耗时5.106秒
create_time >= 2022-08-01 00:00:00 and create_time <= 2022-08-02 00:00:00
{
    "starttransfer_time": 1.183,
    "size_download": "0 bytes",
    "speed_download": "0 Mbps",
    "size_upload": "1.05 MB",
    "upload_content": "1.05 MB",
    "speed_upload": "2.53 Mbps",
    "time_request": 3.485
}
2022-08-17 09:05:04 | `wf_202206_qiaqia`.`qq_access` 表插入成功 31519 条数据！其中剔除脏数据 10399 条 整体耗时5.693秒
create_time >= 2022-08-01 00:00:00 and create_time <= 2022-08-02 00:00:00
{
    "starttransfer_time": 0.062,
    "size_download": "0 bytes",
    "speed_download": "0 Mbps",
    "size_upload": "1.05 MB",
    "upload_content": "1.05 MB",
    "speed_upload": "2.17 Mbps",
    "time_request": 4.072
}
2022-08-17 09:07:03 | `wf_202206_qiaqia`.`qq_access` 表插入成功 31519 条数据！其中剔除脏数据 10399 条 整体耗时2.801秒
create_time >= 2022-08-01 00:00:00 and create_time <= 2022-08-02 00:00:00
{
    "starttransfer_time": 0.059,
    "size_download": "0 bytes",
    "speed_download": "0 Mbps",
    "size_upload": "1.05 MB",
    "upload_content": "1.05 MB",
    "speed_upload": "7.75 Mbps",
    "time_request": 1.138
}
2022-08-17 09:07:58 | `wf_202206_qiaqia`.`qq_access` 表插入成功 41918 条数据！其中剔除脏数据 0 条 整体耗时1.929秒
create_time >= 2022-08-01 00:00:00 and create_time <= 2022-08-02 00:00:00
{
    "starttransfer_time": 0.073,
    "size_download": "0 bytes",
    "speed_download": "0 Mbps",
    "size_upload": "1.40 MB",
    "upload_content": "1.40 MB",
    "speed_upload": "17.36 Mbps",
    "time_request": 0.676
}
2022-08-17 09:08:19 | `wf_202206_qiaqia`.`qq_access` 表插入成功 41918 条数据！其中剔除脏数据 0 条 整体耗时1.973秒
create_time >= 2022-08-01 00:00:00 and create_time <= 2022-08-02 00:00:00
{
    "starttransfer_time": 0.051,
    "size_download": "0 bytes",
    "speed_download": "0 Mbps",
    "size_upload": "1.40 MB",
    "upload_content": "1.40 MB",
    "speed_upload": "20.88 Mbps",
    "time_request": 0.563
}
2022-08-17 09:08:45 | `wf_202206_qiaqia`.`qq_access` 表插入成功 41918 条数据！其中剔除脏数据 0 条 整体耗时2.172秒
create_time >= 2022-08-01 00:00:00 and create_time <= 2022-08-02 00:00:00
{
    "starttransfer_time": 0.061,
    "size_download": "0 bytes",
    "speed_download": "0 Mbps",
    "size_upload": "1.40 MB",
    "upload_content": "1.40 MB",
    "speed_upload": "19.33 Mbps",
    "time_request": 0.608
}
2022-08-17 09:26:10 | `wf_202206_qiaqia`.`qq_access` 表插入成功 41918 条数据！其中剔除脏数据 0 条 整体耗时1.723秒
create_time >= 2022-08-01 00:00:00 and create_time <= 2022-08-02 00:00:00
{
    "starttransfer_time": 0.06,
    "size_download": "0 bytes",
    "speed_download": "0 Mbps",
    "size_upload": "1.40 MB",
    "upload_content": "1.40 MB",
    "speed_upload": "19.21 Mbps",
    "time_request": 0.611
}
2022-08-17 09:27:46 | `wf_202206_qiaqia`.`qq_access` 表插入成功 43337 条数据！其中剔除脏数据 0 条 整体耗时1.867秒
create_time >= 2022-08-02 00:00:00 and create_time <= 2022-08-03 00:00:00
{
    "starttransfer_time": 0.059,
    "size_download": "0 bytes",
    "speed_download": "0 Mbps",
    "size_upload": "1.45 MB",
    "upload_content": "1.45 MB",
    "speed_upload": "16.97 Mbps",
    "time_request": 0.715
}
2022-08-17 09:28:30 | `wf_202206_qiaqia`.`qq_access` 表插入成功 40968 条数据！其中剔除脏数据 0 条 整体耗时1.843秒
create_time >= 2022-08-03 00:00:00 and create_time <= 2022-08-04 00:00:00
{
    "starttransfer_time": 0.065,
    "size_download": "0 bytes",
    "speed_download": "0 Mbps",
    "size_upload": "1.37 MB",
    "upload_content": "1.37 MB",
    "speed_upload": "16.62 Mbps",
    "time_request": 0.69
}
2022-08-17 09:28:33 | `wf_202206_qiaqia`.`qq_access` 表插入成功 51162 条数据！其中剔除脏数据 0 条 整体耗时2.936秒
create_time >= 2022-08-04 00:00:00 and create_time <= 2022-08-05 00:00:00
{
    "starttransfer_time": 0.067,
    "size_download": "0 bytes",
    "speed_download": "0 Mbps",
    "size_upload": "1.71 MB",
    "upload_content": "1.71 MB",
    "speed_upload": "10.63 Mbps",
    "time_request": 1.348
}
2022-08-17 09:28:38 | `wf_202206_qiaqia`.`qq_access` 表插入成功 56389 条数据！其中剔除脏数据 0 条 整体耗时4.694秒
create_time >= 2022-08-05 00:00:00 and create_time <= 2022-08-06 00:00:00
{
    "starttransfer_time": 0.102,
    "size_download": "0 bytes",
    "speed_download": "0 Mbps",
    "size_upload": "1.88 MB",
    "upload_content": "1.88 MB",
    "speed_upload": "5.16 Mbps",
    "time_request": 3.06
}
2022-08-17 09:35:28 | `wf_202206_qiaqia`.`qq_access` 表插入成功 67333 条数据！其中剔除脏数据 0 条 整体耗时6.381秒
create_time >= 2022-08-06 00:00:00 and create_time <= 2022-08-07 00:00:00
{
    "starttransfer_time": 0.06,
    "size_download": "0 bytes",
    "speed_download": "0 Mbps",
    "size_upload": "2.25 MB",
    "upload_content": "2.25 MB",
    "speed_upload": "4.47 Mbps",
    "time_request": 4.22
}
2022-08-17 09:38:21 | `wf_202206_qiaqia`.`qq_access` 表插入成功 63153 条数据！其中剔除脏数据 2 条 整体耗时2.989秒
create_time >= 2022-08-07 00:00:00 and create_time <= 2022-08-08 00:00:00
{
    "starttransfer_time": 0.05,
    "size_download": "0 bytes",
    "speed_download": "0 Mbps",
    "size_upload": "2.11 MB",
    "upload_content": "2.11 MB",
    "speed_upload": "19.56 Mbps",
    "time_request": 0.904
}
2022-08-17 09:41:57 | `wf_202206_qiaqia`.`qq_access` 表插入成功 64526 条数据！其中剔除脏数据 0 条 整体耗时2.748秒
create_time >= 2022-08-08 00:00:00 and create_time <= 2022-08-09 00:00:00
{
    "starttransfer_time": 0.059,
    "size_download": "0 bytes",
    "speed_download": "0 Mbps",
    "size_upload": "2.15 MB",
    "upload_content": "2.15 MB",
    "speed_upload": "21.95 Mbps",
    "time_request": 0.824
}
