2022-08-16 17:18:28 | `wf_202206_qiaqia`.`qq_access` 表插入成功 8841 条数据！其中剔除脏数据 0 条 整体耗时0.471秒
create_time >= 2022-07-07 00:00:00 and create_time <= 2022-07-11 00:00:00
{
    "starttransfer_time": 0.063,
    "size_download": "0 bytes",
    "speed_download": "0 Mbps",
    "size_upload": "274.01 KB",
    "upload_content": "274.01 KB",
    "speed_upload": "6.32 Mbps",
    "time_request": 0.356
}
2022-08-16 17:18:35 | `wf_202206_qiaqia`.`qq_access` 表插入成功 8841 条数据！其中剔除脏数据 0 条 整体耗时0.573秒
create_time >= 2022-07-07 00:00:00 and create_time <= 2022-07-11 00:00:00
{
    "starttransfer_time": 0.062,
    "size_download": "0 bytes",
    "speed_download": "0 Mbps",
    "size_upload": "274.01 KB",
    "upload_content": "274.01 KB",
    "speed_upload": "4.88 Mbps",
    "time_request": 0.461
}
2022-08-16 17:18:59 | `wf_202206_qiaqia`.`qq_access` 表插入成功 7403 条数据！其中剔除脏数据 0 条 整体耗时0.435秒
create_time >= 2022-07-11 00:00:00 and create_time <= 2022-07-14 00:00:00
{
    "starttransfer_time": 0.05,
    "size_download": "0 bytes",
    "speed_download": "0 Mbps",
    "size_upload": "238.36 KB",
    "upload_content": "238.36 KB",
    "speed_upload": "6.03 Mbps",
    "time_request": 0.325
}
